<?xml version="1.0" encoding="UTF-8"?>
<!-- Generated by org.testng.reporters.JUnitReportReporter -->
<testsuite skipped="0" hostname="SAM" name="day9TestNg.DemoDataProvder" tests="3" failures="0" timestamp="2022-02-21T14:29:32 IST" time="0.005" errors="0">
  <testcase name="f" time="0.002" classname="day9TestNg.DemoDataProvder"/>
  <system-out/>
  <testcase name="f" time="0.001" classname="day9TestNg.DemoDataProvder"/>
  <system-out/>
  <testcase name="f" time="0.002" classname="day9TestNg.DemoDataProvder"/>
  <system-out/>
</testsuite> <!-- day9TestNg.DemoDataProvder -->
