<?xml version="1.0" encoding="UTF-8"?>
<!-- Generated by org.testng.reporters.JUnitReportReporter -->
<testsuite skipped="0" hostname="SAM" name="day9TestNg.DemoAssert" tests="1" failures="0" timestamp="2022-02-21T14:29:32 IST" time="2.486" errors="0">
  <testcase name="googleAssert" time="2.486" classname="day9TestNg.DemoAssert"/>
  <system-out/>
</testsuite> <!-- day9TestNg.DemoAssert -->
