<?xml version="1.0" encoding="UTF-8"?>
<!-- Generated by org.testng.reporters.JUnitReportReporter -->
<testsuite skipped="0" hostname="SAM" name="day9TestNg.AnnotationsOrange" tests="2" failures="0" timestamp="2022-02-21T14:29:32 IST" time="3.922" errors="0">
  <testcase name="pim" time="1.896" classname="day9TestNg.AnnotationsOrange"/>
  <system-out/>
  <testcase name="myInfo" time="2.026" classname="day9TestNg.AnnotationsOrange"/>
  <system-out/>
</testsuite> <!-- day9TestNg.AnnotationsOrange -->
